<?xml version="1.0" encoding="UTF-8"?>
<!-- Generated by org.testng.reporters.JUnitReportReporter -->
<testsuite hostname="Laptop-2991" failures="0" tests="3" name="NewFiles.JsonFileInput" time="5.426" errors="0" timestamp="2024-04-24T07:40:18 EDT" skipped="0">
  <testcase classname="NewFiles.JsonFileInput" name="CreatePlaceID" time="2.649"/>
  <testcase classname="NewFiles.JsonFileInput" name="updatePlaceID" time="1.436"/>
  <testcase classname="NewFiles.JsonFileInput" name="getPlaceID" time="1.341"/>
</testsuite> <!-- NewFiles.JsonFileInput -->
