<?xml version="1.0" encoding="UTF-8"?>
<!-- Generated by org.testng.reporters.JUnitReportReporter -->
<testsuite hostname="Laptop-2991" failures="0" tests="1" name="TestPackage.oAuthNew" time="3.866" errors="0" timestamp="2024-05-17T07:57:34 EDT" skipped="0">
  <testcase classname="TestPackage.oAuthNew" name="getaccesstoken" time="3.866"/>
</testsuite> <!-- TestPackage.oAuthNew -->
