<?xml version="1.0" encoding="UTF-8"?>
<!-- Generated by org.testng.reporters.JUnitReportReporter -->
<testsuite hostname="Laptop-2991" failures="0" tests="1" name="OnBoardingRestAssured.ScheduleDemo" time="7.244" errors="0" timestamp="2024-05-29T12:06:50 EDT" skipped="0">
  <testcase classname="OnBoardingRestAssured.ScheduleDemo" name="scheduleDemoTest" time="7.244"/>
</testsuite> <!-- OnBoardingRestAssured.ScheduleDemo -->
