<?xml version="1.0" encoding="UTF-8"?>
<!-- Generated by org.testng.reporters.JUnitReportReporter -->
<testsuite hostname="Laptop-2991" failures="0" tests="1" name="TestPackage.oAuthNew" time="4.056" errors="0" timestamp="2024-05-16T12:43:11 EDT" skipped="0">
  <testcase classname="TestPackage.oAuthNew" name="getaccesstoken" time="4.056"/>
</testsuite> <!-- TestPackage.oAuthNew -->
