<?xml version="1.0" encoding="UTF-8"?>
<!-- Generated by org.testng.reporters.JUnitReportReporter -->
<testsuite hostname="Laptop-2991" failures="0" tests="1" name="POJO.SerializationExample" time="2.148" errors="0" timestamp="2024-05-17T12:42:59 EDT" skipped="0">
  <testcase classname="POJO.SerializationExample" name="serialization" time="2.148"/>
</testsuite> <!-- POJO.SerializationExample -->
