<?xml version="1.0" encoding="UTF-8"?>
<!-- Generated by org.testng.reporters.JUnitReportReporter -->
<testsuite hostname="Laptop-2991" failures="0" tests="9" name="LibraryTest.DynamicJson" time="4.134" errors="0" timestamp="2024-04-23T10:41:34 EDT" skipped="0">
  <testcase classname="LibraryTest.DynamicJson" name="addBook" time="0.150"/>
  <testcase classname="LibraryTest.DynamicJson" name="addBook" time="2.725"/>
  <testcase classname="LibraryTest.DynamicJson" name="addBook" time="0.176"/>
  <testcase classname="LibraryTest.DynamicJson" name="getbookID" time="0.175"/>
  <testcase classname="LibraryTest.DynamicJson" name="getbookID" time="0.240"/>
  <testcase classname="LibraryTest.DynamicJson" name="getbookID" time="0.188"/>
  <testcase classname="LibraryTest.DynamicJson" name="deleteBook" time="0.157"/>
  <testcase classname="LibraryTest.DynamicJson" name="deleteBook" time="0.171"/>
  <testcase classname="LibraryTest.DynamicJson" name="deleteBook" time="0.152"/>
</testsuite> <!-- LibraryTest.DynamicJson -->
