<?xml version="1.0" encoding="UTF-8"?>
<!-- Generated by org.testng.reporters.JUnitReportReporter -->
<testsuite hostname="Laptop-2991" failures="0" tests="1" name="JIRA.JiraScenarios" time="14.674" errors="0" timestamp="2024-05-01T11:39:59 EDT" skipped="0">
  <testcase classname="JIRA.JiraScenarios" name="createSession" time="14.674"/>
</testsuite> <!-- JIRA.JiraScenarios -->
