<?xml version="1.0" encoding="UTF-8"?>
<!-- Generated by org.testng.reporters.JUnitReportReporter -->
<testsuite hostname="Laptop-2991" failures="0" tests="1" name="SpecBuilders.SpecBuilderAddLocation" time="3.754" errors="0" timestamp="2024-05-20T09:43:38 EDT" skipped="0">
  <testcase classname="SpecBuilders.SpecBuilderAddLocation" name="serialization" time="3.754"/>
</testsuite> <!-- SpecBuilders.SpecBuilderAddLocation -->
