<?xml version="1.0" encoding="UTF-8"?>
<!-- Generated by org.testng.reporters.JUnitReportReporter -->
<testsuite hostname="Laptop-2991" failures="0" tests="1" name="JIRA.JiraScenarios" time="3.938" errors="0" timestamp="2024-05-01T12:02:22 EDT" skipped="0">
  <testcase classname="JIRA.JiraScenarios" name="createSession" time="3.938"/>
</testsuite> <!-- JIRA.JiraScenarios -->
