<?xml version="1.0" encoding="UTF-8"?>
<!-- Generated by org.testng.reporters.JUnitReportReporter -->
<testsuite hostname="Laptop-2991" failures="0" tests="1" name="RestAssured_Practive_Test.ComplexJsonParse" time="1.672" errors="0" timestamp="2024-04-22T11:09:05 EDT" skipped="0">
  <testcase classname="RestAssured_Practive_Test.ComplexJsonParse" name="JsonResolve" time="1.672"/>
</testsuite> <!-- RestAssured_Practive_Test.ComplexJsonParse -->
